2023/12/25 00:47:03 IP: ::1, Method: POST, Endpoint: /v1/customer/
2023/12/25 00:47:07 IP: ::1, Method: GET, Endpoint: /v1/customer/
2023/12/25 00:47:07 IP: ::1, Method: GET, Endpoint: /v1/customer/
2023/12/25 00:47:08 IP: ::1, Method: GET, Endpoint: /v1/customer/
2023/12/25 00:47:08 IP: ::1, Method: GET, Endpoint: /v1/customer/
2023/12/25 00:47:08 IP: ::1, Method: GET, Endpoint: /v1/customer/
2023/12/25 00:47:52 IP: ::1, Method: GET, Endpoint: /v1/customer/
2023/12/25 00:49:26 IP: ::1, Method: GET, Endpoint: /v1/customer/
2023/12/25 00:49:30 IP: ::1, Method: POST, Endpoint: /v1/customer/
2023/12/25 00:49:36 IP: ::1, Method: POST, Endpoint: /v1/customer/
2023/12/25 00:49:39 IP: ::1, Method: POST, Endpoint: /v1/customer/
2023/12/25 00:49:41 IP: ::1, Method: GET, Endpoint: /v1/customer/
2023/12/25 14:15:58 IP: ::1, Method: POST, Endpoint: /v1/customer/
2023/12/25 14:16:01 IP: ::1, Method: GET, Endpoint: /v1/customer/
2023/12/25 14:42:31 IP: ::1, Method: POST, Endpoint: /v1/customer/
2023/12/25 14:42:37 IP: ::1, Method: GET, Endpoint: /v1/customer/
2023/12/25 14:43:06 IP: ::1, Method: PUT, Endpoint: /v1/customer/0a73e7f8-e263-41e2-a644-f60ed629e586
2023/12/25 14:43:10 IP: ::1, Method: GET, Endpoint: /v1/customer/
2023/12/25 14:43:19 IP: ::1, Method: PUT, Endpoint: /v1/customer/0a73e7f8-e263-41e2-a644-f60ed629e586
2023/12/25 14:43:29 IP: ::1, Method: PUT, Endpoint: /v1/customer/0a73e7f8-e263-41e2-a644-f60ed629e586
2023/12/25 14:43:36 IP: ::1, Method: PUT, Endpoint: /v1/customer/0a73e7f8-e263-41e2-a644-f60ed629e586
2023/12/25 14:44:35 IP: ::1, Method: POST, Endpoint: /v1/customer/
2023/12/25 14:45:07 IP: ::1, Method: PUT, Endpoint: /v1/customer/eef06d99-f426-44b7-adf8-e24e2e4c7279
2023/12/25 14:45:14 IP: ::1, Method: PUT, Endpoint: /v1/customer/eef06d99-f426-44b7-adf8-e24e2e4c7279
2023/12/25 14:49:37 IP: ::1, Method: POST, Endpoint: /v1/customer/
2023/12/25 14:49:41 IP: ::1, Method: GET, Endpoint: /v1/customer/
2023/12/25 14:50:00 IP: ::1, Method: PUT, Endpoint: /v1/customer/"2e77dd31-580e-41b9-a53c-af247885b6a5"
2023/12/25 14:50:24 IP: ::1, Method: DELETE, Endpoint: /v1/customer/2e77dd31-580e-41b9-a53c-af247885b6a5
2023/12/25 14:50:29 IP: ::1, Method: GET, Endpoint: /v1/customer/
2023/12/25 14:55:20 IP: ::1, Method: POST, Endpoint: /v1/customer/
2023/12/25 14:55:23 IP: ::1, Method: POST, Endpoint: /v1/customer/
2023/12/25 14:55:25 IP: ::1, Method: GET, Endpoint: /v1/customer/
2023/12/25 14:55:38 IP: ::1, Method: GET, Endpoint: /v1/customer/8b3b6323-f234-403f-828a-ae48e897697f
2023/12/25 14:55:40 IP: ::1, Method: GET, Endpoint: /v1/customer/8b3b6323-f234-403f-828a-ae48e897697ff
2023/12/25 14:55:52 IP: ::1, Method: GET, Endpoint: /v1/customer/8b3b6323-f234-403f-828a-ae48e897697a
2023/12/25 14:55:56 IP: ::1, Method: GET, Endpoint: /v1/customer/8b3b6323-f234-403f-828a-ae48e897697b
2023/12/25 15:02:52 IP: ::1, Method: GET, Endpoint: /v1/customer/8b3b6323-f234-403f-828a-ae48e897697b
2023/12/25 15:02:56 IP: ::1, Method: GET, Endpoint: /v1/customer/8b3b6323-f234-403f-828a-ae48e89769
2023/12/25 15:03:00 IP: ::1, Method: GET, Endpoint: /v1/customer/8b3b6323-f234-403f-828a-ae48e897697b
2023/12/25 15:03:56 IP: ::1, Method: GET, Endpoint: /v1/customer/8b3b6323-f234-403f-828a-ae48e897697b
2023/12/25 15:04:00 IP: ::1, Method: POST, Endpoint: /v1/customer/
2023/12/25 15:04:10 IP: ::1, Method: GET, Endpoint: /v1/customer/98a2e48f-0d8f-472d-a9bd-1ddac3f9547b
2023/12/25 15:09:02 IP: ::1, Method: GET, Endpoint: /v1/customer/98a2e48f-0d8f-472d-a9bd-1ddac3f9547b2023/12/25 17:25:45 IP: ::1, Method: GET, Endpoint: /v1/customer/98a2e48f-0d8f-472d-a9bd-1ddac3f9547b
2023/12/25 17:25:49 IP: ::1, Method: POST, Endpoint: /v1/customer/
2023/12/25 18:05:52 IP: ::1, Method: POST, Endpoint: /v1/customer/
2023/12/25 18:06:00 IP: ::1, Method: GET, Endpoint: /v1/customer/98a2e48f-0d8f-472d-a9bd-1ddac3f9547b
2023/12/25 18:06:08 IP: ::1, Method: GET, Endpoint: /v1/customer/
2023/12/25 18:09:37 IP: ::1, Method: GET, Endpoint: /v1/customer/
2023/12/25 18:09:43 IP: ::1, Method: POST, Endpoint: /v1/customer/
2023/12/25 18:10:00 IP: ::1, Method: POST, Endpoint: /v1/customer/
2023/12/25 18:10:03 IP: ::1, Method: GET, Endpoint: /v1/customer/
2023/12/25 22:01:04 IP: ::1, Method: GET, Endpoint: /v1/customer/
2023/12/25 22:01:07 IP: ::1, Method: POST, Endpoint: /v1/customer/
2023/12/25 22:01:10 IP: ::1, Method: GET, Endpoint: /v1/customer/
2023/12/25 22:01:13 IP: ::1, Method: GET, Endpoint: /v1/customer/
2023/12/25 22:01:23 IP: ::1, Method: DELETE, Endpoint: /v1/customer/0929e007-cc01-48de-92c0-9657644ca162
2023/12/25 22:01:28 IP: ::1, Method: DELETE, Endpoint: /v1/customer/0929e007-cc01-48de-92c0-9657644ca162
2023/12/25 22:01:32 IP: ::1, Method: GET, Endpoint: /v1/customer/
2023/12/25 22:08:12 IP: ::1, Method: DELETE, Endpoint: /v1/customer/0929e007-cc01-48de-92c0-9657644ca162
2023/12/25 22:08:14 IP: ::1, Method: DELETE, Endpoint: /v1/customer/0929e007-cc01-48de-92c0-9657644ca162
2023/12/25 22:09:25 IP: ::1, Method: DELETE, Endpoint: /v1/customer/0929e007-cc01-48de-92c0-9657644ca162
2023/12/25 22:09:26 IP: ::1, Method: DELETE, Endpoint: /v1/customer/0929e007-cc01-48de-92c0-9657644ca162
2023/12/25 22:10:21 IP: ::1, Method: DELETE, Endpoint: /v1/customer/0929e007-cc01-48de-92c0-9657644ca162
2023/12/25 22:10:22 IP: ::1, Method: DELETE, Endpoint: /v1/customer/0929e007-cc01-48de-92c0-9657644ca162
2023/12/25 22:11:09 IP: ::1, Method: DELETE, Endpoint: /v1/customer/0929e007-cc01-48de-92c0-9657644ca162
2023/12/25 22:11:13 IP: ::1, Method: POST, Endpoint: /v1/customer/
2023/12/25 22:11:16 IP: ::1, Method: GET, Endpoint: /v1/customer/
2023/12/25 22:11:25 IP: ::1, Method: DELETE, Endpoint: /v1/customer/d9ed77a7-9341-4716-83c2-bc641867e710
2023/12/25 22:11:26 IP: ::1, Method: DELETE, Endpoint: /v1/customer/d9ed77a7-9341-4716-83c2-bc641867e710
